# JRE version: Java(TM) SE Runtime Environment (17.0.2+8) (build 17.0.2+8-LTS-86)
# Java VM: Java HotSpot(TM) 64-Bit Server VM (17.0.2+8-LTS-86, mixed mode, sharing, tiered, compressed oops, compressed class ptrs, g1 gc, windows-amd64)
GC Precious Log:
 CPUs: 8 total, 8 available
 Memory: 16304M
 Large Page Support: Disabled
 NUMA Support: Disabled
 Compressed Oops: Enabled (32-bit)
 Heap Region Size: 1M
 Heap Min Capacity: 8M
 Heap Initial Capacity: 256M
 Heap Max Capacity: 512M
 Pre-touch: Disabled
 Parallel Workers: 8
 Concurrent Workers: 2
 Concurrent Refinement Workers: 8
 Periodic GC: Disabled
Heap:
 garbage-first heap   total 524288K, used 520144K [0x00000000e0000000, 0x0000000100000000)
  region size 1024K, 0 young (0K), 0 survivors (0K)
 Metaspace       used 17013K, committed 17408K, reserved 1064960K
  class space    used 2131K, committed 2304K, reserved 1048576K
GC Heap History (20 events):
Event: 249.599 GC heap before
{Heap before GC invocations=2830 (full 2717):
 garbage-first heap   total 524288K, used 520144K [0x00000000e0000000, 0x0000000100000000)
  region size 1024K, 0 young (0K), 0 survivors (0K)
 Metaspace       used 17013K, committed 17408K, reserved 1064960K
  class space    used 2131K, committed 2304K, reserved 1048576K
}
Event: 249.617 GC heap after
{Heap after GC invocations=2831 (full 2718):
 garbage-first heap   total 524288K, used 520144K [0x00000000e0000000, 0x0000000100000000)
  region size 1024K, 0 young (0K), 0 survivors (0K)
 Metaspace       used 17013K, committed 17408K, reserved 1064960K
  class space    used 2131K, committed 2304K, reserved 1048576K
}
Event: 249.618 GC heap before
{Heap before GC invocations=2831 (full 2718):
 garbage-first heap   total 524288K, used 520144K [0x00000000e0000000, 0x0000000100000000)
  region size 1024K, 0 young (0K), 0 survivors (0K)
 Metaspace       used 17013K, committed 17408K, reserved 1064960K
  class space    used 2131K, committed 2304K, reserved 1048576K
}
Event: 249.618 GC heap after
{Heap after GC invocations=2832 (full 2718):
 garbage-first heap   total 524288K, used 520144K [0x00000000e0000000, 0x0000000100000000)
  region size 1024K, 0 young (0K), 0 survivors (0K)
 Metaspace       used 17013K, committed 17408K, reserved 1064960K
  class space    used 2131K, committed 2304K, reserved 1048576K
}
Event: 249.618 GC heap before
{Heap before GC invocations=2832 (full 2718):
 garbage-first heap   total 524288K, used 520144K [0x00000000e0000000, 0x0000000100000000)
  region size 1024K, 0 young (0K), 0 survivors (0K)
 Metaspace       used 17013K, committed 17408K, reserved 1064960K
  class space    used 2131K, committed 2304K, reserved 1048576K
}
Event: 249.632 GC heap after
{Heap after GC invocations=2833 (full 2719):
 garbage-first heap   total 524288K, used 520144K [0x00000000e0000000, 0x0000000100000000)
  region size 1024K, 0 young (0K), 0 survivors (0K)
 Metaspace       used 17013K, committed 17408K, reserved 1064960K
  class space    used 2131K, committed 2304K, reserved 1048576K
}
Event: 249.632 GC heap before
{Heap before GC invocations=2833 (full 2719):
 garbage-first heap   total 524288K, used 520144K [0x00000000e0000000, 0x0000000100000000)
  region size 1024K, 0 young (0K), 0 survivors (0K)
 Metaspace       used 17013K, committed 17408K, reserved 1064960K
  class space    used 2131K, committed 2304K, reserved 1048576K
}
Event: 249.649 GC heap after
{Heap after GC invocations=2834 (full 2720):
 garbage-first heap   total 524288K, used 520144K [0x00000000e0000000, 0x0000000100000000)
  region size 1024K, 0 young (0K), 0 survivors (0K)
 Metaspace       used 17013K, committed 17408K, reserved 1064960K
  class space    used 2131K, committed 2304K, reserved 1048576K
}
Event: 249.649 GC heap before
{Heap before GC invocations=2834 (full 2720):
 garbage-first heap   total 524288K, used 520144K [0x00000000e0000000, 0x0000000100000000)
  region size 1024K, 0 young (0K), 0 survivors (0K)
 Metaspace       used 17013K, committed 17408K, reserved 1064960K
  class space    used 2131K, committed 2304K, reserved 1048576K
}
Event: 249.649 GC heap after
{Heap after GC invocations=2835 (full 2720):
 garbage-first heap   total 524288K, used 520144K [0x00000000e0000000, 0x0000000100000000)
  region size 1024K, 0 young (0K), 0 survivors (0K)
 Metaspace       used 17013K, committed 17408K, reserved 1064960K
  class space    used 2131K, committed 2304K, reserved 1048576K
}
Event: 249.650 GC heap before
{Heap before GC invocations=2835 (full 2720):
 garbage-first heap   total 524288K, used 520144K [0x00000000e0000000, 0x0000000100000000)
  region size 1024K, 0 young (0K), 0 survivors (0K)
 Metaspace       used 17013K, committed 17408K, reserved 1064960K
  class space    used 2131K, committed 2304K, reserved 1048576K
}
Event: 249.663 GC heap after
{Heap after GC invocations=2836 (full 2721):
 garbage-first heap   total 524288K, used 520144K [0x00000000e0000000, 0x0000000100000000)
  region size 1024K, 0 young (0K), 0 survivors (0K)
 Metaspace       used 17013K, committed 17408K, reserved 1064960K
  class space    used 2131K, committed 2304K, reserved 1048576K
}
Event: 249.664 GC heap before
{Heap before GC invocations=2836 (full 2721):
 garbage-first heap   total 524288K, used 520144K [0x00000000e0000000, 0x0000000100000000)
  region size 1024K, 0 young (0K), 0 survivors (0K)
 Metaspace       used 17013K, committed 17408K, reserved 1064960K
  class space    used 2131K, committed 2304K, reserved 1048576K
}
Event: 249.682 GC heap after
{Heap after GC invocations=2837 (full 2722):
 garbage-first heap   total 524288K, used 520144K [0x00000000e0000000, 0x0000000100000000)
  region size 1024K, 0 young (0K), 0 survivors (0K)
 Metaspace       used 17013K, committed 17408K, reserved 1064960K
  class space    used 2131K, committed 2304K, reserved 1048576K
}
Event: 249.682 GC heap before
{Heap before GC invocations=2837 (full 2722):
 garbage-first heap   total 524288K, used 520144K [0x00000000e0000000, 0x0000000100000000)
  region size 1024K, 0 young (0K), 0 survivors (0K)
 Metaspace       used 17013K, committed 17408K, reserved 1064960K
  class space    used 2131K, committed 2304K, reserved 1048576K
}
Event: 249.682 GC heap after
{Heap after GC invocations=2838 (full 2722):
 garbage-first heap   total 524288K, used 520144K [0x00000000e0000000, 0x0000000100000000)
  region size 1024K, 0 young (0K), 0 survivors (0K)
 Metaspace       used 17013K, committed 17408K, reserved 1064960K
  class space    used 2131K, committed 2304K, reserved 1048576K
}
Event: 249.683 GC heap before
{Heap before GC invocations=2838 (full 2722):
 garbage-first heap   total 524288K, used 520144K [0x00000000e0000000, 0x0000000100000000)
  region size 1024K, 0 young (0K), 0 survivors (0K)
 Metaspace       used 17013K, committed 17408K, reserved 1064960K
  class space    used 2131K, committed 2304K, reserved 1048576K
}
Event: 249.695 GC heap after
{Heap after GC invocations=2839 (full 2723):
 garbage-first heap   total 524288K, used 520144K [0x00000000e0000000, 0x0000000100000000)
  region size 1024K, 0 young (0K), 0 survivors (0K)
 Metaspace       used 17013K, committed 17408K, reserved 1064960K
  class space    used 2131K, committed 2304K, reserved 1048576K
}
Event: 249.695 GC heap before
{Heap before GC invocations=2839 (full 2723):
 garbage-first heap   total 524288K, used 520144K [0x00000000e0000000, 0x0000000100000000)
  region size 1024K, 0 young (0K), 0 survivors (0K)
 Metaspace       used 17013K, committed 17408K, reserved 1064960K
  class space    used 2131K, committed 2304K, reserved 1048576K
}
Event: 249.712 GC heap after
{Heap after GC invocations=2840 (full 2724):
 garbage-first heap   total 524288K, used 520144K [0x00000000e0000000, 0x0000000100000000)
  region size 1024K, 0 young (0K), 0 survivors (0K)
 Metaspace       used 17013K, committed 17408K, reserved 1064960K
  class space    used 2131K, committed 2304K, reserved 1048576K
}

